<?xml version="1.0" encoding="UTF-8"?>
<!-- Generated by org.testng.reporters.JUnitReportReporter -->
<testsuite hostname="Lokesh" failures="0" tests="1" name="Package_02.Launch_04_Test" time="7.242" errors="0" timestamp="2024-04-03T18:34:57 SGT" skipped="0">
  <testcase classname="Package_02.Launch_04_Test" name="launch" time="7.242"/>
  <system-out>
package2,script-04  </system-out>
</testsuite> <!-- Package_02.Launch_04_Test -->
